[NX v22.2.1 Daemon Server] - 2026-02-05T19:16:05.508Z - Started listening on: /private/var/folders/jp/m1_k9k0s2tlb02c9wtkh4tq00000gn/T/9ed8857ed30dd8e578fc/d.sock
[NX v22.2.1 Daemon Server] - 2026-02-05T19:16:05.516Z - [WATCHER]: Subscribed to changes within: /Users/max/Documents/Code/code-du-travail-numerique (native)
[NX v22.2.1 Daemon Server] - 2026-02-05T19:16:05.517Z - [NX-CONSOLE]: Pulling latest Nx (latest) to check console status...
Fetching nx...
[NX v22.2.1 Daemon Server] - 2026-02-05T19:16:05.527Z - Established a connection. Number of open connections: 1
[NX v22.2.1 Daemon Server] - 2026-02-05T19:16:05.528Z - Established a connection. Number of open connections: 2
[NX v22.2.1 Daemon Server] - 2026-02-05T19:16:05.530Z - Closed a connection. Number of open connections: 1
[NX v22.2.1 Daemon Server] - 2026-02-05T19:16:05.533Z - Received raw message of length 32
[NX v22.2.1 Daemon Server] - 2026-02-05T19:16:05.533Z - Received json message of type REQUEST_PROJECT_GRAPH
[NX v22.2.1 Daemon Server] - 2026-02-05T19:16:05.533Z - [REQUEST]: Client Request for Project Graph Received
[NX v22.2.1 Daemon Server] - 2026-02-05T19:16:07.517Z - [REQUEST]: Updated workspace context based on watched changes, recomputing project graph...
[NX v22.2.1 Daemon Server] - 2026-02-05T19:16:07.518Z - [REQUEST]: 
[NX v22.2.1 Daemon Server] - 2026-02-05T19:16:07.518Z - [REQUEST]: 
[NX v22.2.1 Daemon Server] - 2026-02-05T19:16:07.521Z - No files changed, but no in-memory cached project graph found. Recomputing it...
[NX v22.2.1 Daemon Server] - 2026-02-05T19:16:07.723Z - [SYNC]: collect registered sync generators
[NX v22.2.1 Daemon Server] - 2026-02-05T19:16:07.744Z - Wrote project graph cache to /Users/max/Documents/Code/code-du-travail-numerique/.nx/workspace-data/project-graph.json
[NX v22.2.1 Daemon Server] - 2026-02-05T19:16:07.744Z - Serializing response for REQUEST_PROJECT_GRAPH message in json mode
[NX v22.2.1 Daemon Server] - 2026-02-05T19:16:07.744Z - Responding to REQUEST_PROJECT_GRAPH message
[NX v22.2.1 Daemon Server] - 2026-02-05T19:16:07.745Z - [REQUEST]: Responding to the client. project-graph
[NX v22.2.1 Daemon Server] - 2026-02-05T19:16:07.748Z - Time taken for 'total for creating and serializing project graph' 2211.091333ms
[NX v22.2.1 Daemon Server] - 2026-02-05T19:16:07.786Z - Done responding to the client project-graph
[NX v22.2.1 Daemon Server] - 2026-02-05T19:16:07.786Z - Handled json message REQUEST_PROJECT_GRAPH. Handling time: 2211. Response time: 42.
[NX v22.2.1 Daemon Server] - 2026-02-05T19:16:07.798Z - Received raw message of length 32
[NX v22.2.1 Daemon Server] - 2026-02-05T19:16:07.798Z - Received json message of type GET_CONTEXT_FILE_DATA
[NX v22.2.1 Daemon Server] - 2026-02-05T19:16:07.800Z - Serializing response for GET_CONTEXT_FILE_DATA message in json mode
[NX v22.2.1 Daemon Server] - 2026-02-05T19:16:07.801Z - Responding to GET_CONTEXT_FILE_DATA message
[NX v22.2.1 Daemon Server] - 2026-02-05T19:16:07.801Z - [REQUEST]: Responding to the client. handleContextFileData
[NX v22.2.1 Daemon Server] - 2026-02-05T19:16:07.807Z - Done responding to the client handleContextFileData
[NX v22.2.1 Daemon Server] - 2026-02-05T19:16:07.807Z - Handled json message GET_CONTEXT_FILE_DATA. Handling time: 2. Response time: 7.
[NX v22.2.1 Daemon Server] - 2026-02-05T19:16:07.953Z - Received raw message of length 32
[NX v22.2.1 Daemon Server] - 2026-02-05T19:16:07.953Z - Received json message of type REQUEST_PROJECT_GRAPH
[NX v22.2.1 Daemon Server] - 2026-02-05T19:16:07.954Z - [REQUEST]: Client Request for Project Graph Received
[NX v22.2.1 Daemon Server] - 2026-02-05T19:16:07.954Z - Reusing in-memory cached project graph because no files changed.
[NX v22.2.1 Daemon Server] - 2026-02-05T19:16:07.959Z - Wrote project graph cache to /Users/max/Documents/Code/code-du-travail-numerique/.nx/workspace-data/project-graph.json
[NX v22.2.1 Daemon Server] - 2026-02-05T19:16:07.959Z - Serializing response for REQUEST_PROJECT_GRAPH message in json mode
[NX v22.2.1 Daemon Server] - 2026-02-05T19:16:07.959Z - Responding to REQUEST_PROJECT_GRAPH message
[NX v22.2.1 Daemon Server] - 2026-02-05T19:16:07.960Z - [REQUEST]: Responding to the client. project-graph
[NX v22.2.1 Daemon Server] - 2026-02-05T19:16:07.962Z - Time taken for 'total for creating and serializing project graph' 5.873207999999977ms
[NX v22.2.1 Daemon Server] - 2026-02-05T19:16:07.972Z - Done responding to the client project-graph
[NX v22.2.1 Daemon Server] - 2026-02-05T19:16:07.972Z - Handled json message REQUEST_PROJECT_GRAPH. Handling time: 5. Response time: 13.
[NX v22.2.1 Daemon Server] - 2026-02-05T19:16:07.976Z - Received raw message of length 637
[NX v22.2.1 Daemon Server] - 2026-02-05T19:16:07.987Z - Received json message of type PRE_TASKS_EXECUTION
[NX v22.2.1 Daemon Server] - 2026-02-05T19:16:08.004Z - Serializing response for PRE_TASKS_EXECUTION message in json mode
[NX v22.2.1 Daemon Server] - 2026-02-05T19:16:08.014Z - Responding to PRE_TASKS_EXECUTION message
[NX v22.2.1 Daemon Server] - 2026-02-05T19:16:08.014Z - [REQUEST]: Responding to the client. handleRunPreTasksExecution
[NX v22.2.1 Daemon Server] - 2026-02-05T19:16:08.014Z - Done responding to the client handleRunPreTasksExecution
[NX v22.2.1 Daemon Server] - 2026-02-05T19:16:08.014Z - Handled json message PRE_TASKS_EXECUTION. Handling time: 1. Response time: 10.
[NX v22.2.1 Daemon Server] - 2026-02-05T19:16:08.014Z - Time taken for 'preTasksExecution' 0.45066700000006676ms
[NX v22.2.1 Daemon Server] - 2026-02-05T19:16:08.052Z - Received raw message of length 9036
[NX v22.2.1 Daemon Server] - 2026-02-05T19:16:08.053Z - Received json message of type HASH_TASKS
[NX v22.2.1 Daemon Server] - 2026-02-05T19:16:08.053Z - Reusing in-memory cached project graph because no files changed.
[NX v22.2.1 Daemon Server] - 2026-02-05T19:16:08.058Z - Wrote project graph cache to /Users/max/Documents/Code/code-du-travail-numerique/.nx/workspace-data/project-graph.json
DEBUG nx::native::tasks::hash_planner: get_plans_internal COMPLETED in 5.091125ms - processed 3 tasks (setup: 3.895208ms, parallel_planning: 1.186458ms)
DEBUG nx::native::tasks::hashers::hash_workspace_files: Hashing workspace fileset{cache_key="nx.json,.gitignore,.nxignore"}: Adding "15181399557067203114" (".gitignore") to hash
DEBUG nx::native::tasks::hashers::hash_workspace_files: Hashing workspace fileset{cache_key="nx.json,.gitignore,.nxignore"}: Adding "9574654940811369155" ("nx.json") to hash
DEBUG nx::native::tasks::hashers::hash_workspace_files: Hashing workspace fileset{cache_key="nx.json,.gitignore,.nxignore"}: Hash Value: "7623255601695785354"
DEBUG nx::native::tasks::task_hasher: hash_plans COMPLETED in 5.916875ms - processed 3 plans (setup: 412.75µs, hashing: 5.503125ms, assembly: 2.025125ms)
[NX v22.2.1 Daemon Server] - 2026-02-05T19:16:08.078Z - Serializing response for HASH_TASKS message in json mode
[NX v22.2.1 Daemon Server] - 2026-02-05T19:16:08.078Z - Responding to HASH_TASKS message
[NX v22.2.1 Daemon Server] - 2026-02-05T19:16:08.078Z - [REQUEST]: Responding to the client. handleHashTasks
[NX v22.2.1 Daemon Server] - 2026-02-05T19:16:08.079Z - Time taken for 'write cache' 4.817833000000064ms
[NX v22.2.1 Daemon Server] - 2026-02-05T19:16:08.079Z - [NX-CONSOLE]: Successfully pulled latest Nx to /private/var/folders/jp/m1_k9k0s2tlb02c9wtkh4tq00000gn/T/tmp-45580-A8iQK3ic4iA4
[NX v22.4.4 Daemon Server] - 2026-02-05T19:16:08.222Z - [NX-CONSOLE]: Using local implementation (NX_USE_LOCAL=true or inner call)
DEBUG nx::native::ide::install: Detected editor: Unknown
[NX v22.2.1 Daemon Server] - 2026-02-05T19:16:08.229Z - [NX-CONSOLE]: Console status check completed, shouldPrompt: false
[NX v22.2.1 Daemon Server] - 2026-02-05T19:16:08.231Z - Done responding to the client handleHashTasks
[NX v22.2.1 Daemon Server] - 2026-02-05T19:16:08.231Z - Handled json message HASH_TASKS. Handling time: 25. Response time: 153.
[NX v22.2.1 Daemon Server] - 2026-02-05T19:16:08.288Z - Received raw message of length 206
[NX v22.2.1 Daemon Server] - 2026-02-05T19:16:08.288Z - Received json message of type GET_ESTIMATED_TASK_TIMINGS
[NX v22.2.1 Daemon Server] - 2026-02-05T19:16:08.305Z - Serializing response for GET_ESTIMATED_TASK_TIMINGS message in json mode
[NX v22.2.1 Daemon Server] - 2026-02-05T19:16:08.306Z - Responding to GET_ESTIMATED_TASK_TIMINGS message
[NX v22.2.1 Daemon Server] - 2026-02-05T19:16:08.306Z - [REQUEST]: Responding to the client. handleGetEstimatedTaskTimings
[NX v22.2.1 Daemon Server] - 2026-02-05T19:16:08.306Z - Done responding to the client handleGetEstimatedTaskTimings
[NX v22.2.1 Daemon Server] - 2026-02-05T19:16:08.306Z - Handled json message GET_ESTIMATED_TASK_TIMINGS. Handling time: 17. Response time: 1.
[NX v22.2.1 Daemon Server] - 2026-02-05T19:16:10.023Z - [WATCHER]: Processing file changes in outputs
[NX v22.2.1 Daemon Server] - 2026-02-05T19:16:10.117Z - [WATCHER]: Processing file changes in outputs
[NX v22.2.1 Daemon Server] - 2026-02-05T19:16:10.169Z - [WATCHER]: Processing file changes in outputs
[NX v22.2.1 Daemon Server] - 2026-02-05T19:16:10.225Z - [WATCHER]: Processing file changes in outputs
[NX v22.2.1 Daemon Server] - 2026-02-05T19:16:10.300Z - [WATCHER]: Processing file changes in outputs
[NX v22.2.1 Daemon Server] - 2026-02-05T19:16:10.303Z - Received raw message of length 234
[NX v22.2.1 Daemon Server] - 2026-02-05T19:16:10.303Z - Received json message of type RECORD_OUTPUTS_HASH
[NX v22.2.1 Daemon Server] - 2026-02-05T19:16:10.306Z - Serializing response for RECORD_OUTPUTS_HASH message in json mode
[NX v22.2.1 Daemon Server] - 2026-02-05T19:16:10.306Z - Responding to RECORD_OUTPUTS_HASH message
[NX v22.2.1 Daemon Server] - 2026-02-05T19:16:10.306Z - [REQUEST]: Responding to the client. recordOutputsHash
[NX v22.2.1 Daemon Server] - 2026-02-05T19:16:10.306Z - Done responding to the client recordOutputsHash
[NX v22.2.1 Daemon Server] - 2026-02-05T19:16:10.306Z - Handled json message RECORD_OUTPUTS_HASH. Handling time: 3. Response time: 0.
[NX v22.2.1 Daemon Server] - 2026-02-05T19:16:10.921Z - [WATCHER]: Processing file changes in outputs
[NX v22.2.1 Daemon Server] - 2026-02-05T19:16:10.979Z - [WATCHER]: Processing file changes in outputs
[NX v22.2.1 Daemon Server] - 2026-02-05T19:16:11.029Z - [WATCHER]: Processing file changes in outputs
[NX v22.2.1 Daemon Server] - 2026-02-05T19:16:11.082Z - [WATCHER]: Processing file changes in outputs
[NX v22.2.1 Daemon Server] - 2026-02-05T19:16:11.133Z - [WATCHER]: Processing file changes in outputs
[NX v22.2.1 Daemon Server] - 2026-02-05T19:16:11.188Z - [WATCHER]: Processing file changes in outputs
[NX v22.2.1 Daemon Server] - 2026-02-05T19:16:11.802Z - [WATCHER]: Processing file changes in outputs
[NX v22.2.1 Daemon Server] - 2026-02-05T19:16:11.852Z - [WATCHER]: Processing file changes in outputs
[NX v22.2.1 Daemon Server] - 2026-02-05T19:16:11.906Z - [WATCHER]: Processing file changes in outputs
[NX v22.2.1 Daemon Server] - 2026-02-05T19:16:11.958Z - [WATCHER]: Processing file changes in outputs
[NX v22.2.1 Daemon Server] - 2026-02-05T19:16:12.010Z - [WATCHER]: Processing file changes in outputs
[NX v22.2.1 Daemon Server] - 2026-02-05T19:16:12.146Z - [WATCHER]: Processing file changes in outputs
[NX v22.2.1 Daemon Server] - 2026-02-05T19:16:12.232Z - [WATCHER]: Processing file changes in outputs
[NX v22.2.1 Daemon Server] - 2026-02-05T19:16:12.386Z - [WATCHER]: Processing file changes in outputs
[NX v22.2.1 Daemon Server] - 2026-02-05T19:16:12.520Z - [WATCHER]: Processing file changes in outputs
[NX v22.2.1 Daemon Server] - 2026-02-05T19:16:12.599Z - [WATCHER]: Processing file changes in outputs
[NX v22.2.1 Daemon Server] - 2026-02-05T19:16:12.736Z - [WATCHER]: Processing file changes in outputs
[NX v22.2.1 Daemon Server] - 2026-02-05T19:16:12.813Z - Received raw message of length 244
[NX v22.2.1 Daemon Server] - 2026-02-05T19:16:12.813Z - Received json message of type RECORD_OUTPUTS_HASH
[NX v22.2.1 Daemon Server] - 2026-02-05T19:16:12.813Z - Serializing response for RECORD_OUTPUTS_HASH message in json mode
[NX v22.2.1 Daemon Server] - 2026-02-05T19:16:12.813Z - Responding to RECORD_OUTPUTS_HASH message
[NX v22.2.1 Daemon Server] - 2026-02-05T19:16:12.813Z - [REQUEST]: Responding to the client. recordOutputsHash
[NX v22.2.1 Daemon Server] - 2026-02-05T19:16:12.813Z - Done responding to the client recordOutputsHash
[NX v22.2.1 Daemon Server] - 2026-02-05T19:16:12.814Z - Handled json message RECORD_OUTPUTS_HASH. Handling time: 0. Response time: 1.
[NX v22.2.1 Daemon Server] - 2026-02-05T19:16:12.834Z - [WATCHER]: Processing file changes in outputs
[NX v22.2.1 Daemon Server] - 2026-02-05T19:16:14.401Z - [WATCHER]: packages/code-du-travail-frontend/tsup.config.bundled_4ye8z0hms47.mjs was deleted
[NX v22.2.1 Daemon Server] - 2026-02-05T19:16:14.401Z - [WATCHER]: Processing file changes in outputs
[NX v22.2.1 Daemon Server] - 2026-02-05T19:16:14.451Z - [WATCHER]: Processing file changes in outputs
[NX v22.2.1 Daemon Server] - 2026-02-05T19:16:14.498Z - [WATCHER]: packages/code-du-travail-frontend/src/modules/integration/widgetIntegrity.ts was modified
[NX v22.2.1 Daemon Server] - 2026-02-05T19:16:14.505Z - [REQUEST]: Updated workspace context based on watched changes, recomputing project graph...
[NX v22.2.1 Daemon Server] - 2026-02-05T19:16:14.505Z - [REQUEST]: packages/code-du-travail-frontend/src/modules/integration/widgetIntegrity.ts
[NX v22.2.1 Daemon Server] - 2026-02-05T19:16:14.505Z - [REQUEST]: packages/code-du-travail-frontend/tsup.config.bundled_4ye8z0hms47.mjs
[NX v22.2.1 Daemon Server] - 2026-02-05T19:16:14.539Z - [SYNC]: collect registered sync generators
[NX v22.2.1 Daemon Server] - 2026-02-05T19:16:14.539Z - [SYNC]: project graph hash is the same, not collecting task sync generators
[NX v22.2.1 Daemon Server] - 2026-02-05T19:16:14.539Z - [SYNC]: nx.json hash is the same, not collecting global sync generators
[NX v22.2.1 Daemon Server] - 2026-02-05T19:16:14.542Z - Time taken for 'hash changed files from watcher' 3.081791999999041ms
[NX v22.2.1 Daemon Server] - 2026-02-05T19:16:17.875Z - [WATCHER]: Processing file changes in outputs
[NX v22.2.1 Daemon Server] - 2026-02-05T19:16:20.075Z - [WATCHER]: Processing file changes in outputs
[NX v22.2.1 Daemon Server] - 2026-02-05T19:16:20.128Z - [WATCHER]: Processing file changes in outputs
[NX v22.2.1 Daemon Server] - 2026-02-05T19:16:20.177Z - [WATCHER]: Processing file changes in outputs
[NX v22.2.1 Daemon Server] - 2026-02-05T19:16:20.244Z - [WATCHER]: Processing file changes in outputs
[NX v22.2.1 Daemon Server] - 2026-02-05T19:16:20.335Z - [WATCHER]: Processing file changes in outputs
[NX v22.2.1 Daemon Server] - 2026-02-05T19:16:20.407Z - [WATCHER]: Processing file changes in outputs
[NX v22.2.1 Daemon Server] - 2026-02-05T19:16:20.468Z - [WATCHER]: Processing file changes in outputs
[NX v22.2.1 Daemon Server] - 2026-02-05T19:16:20.602Z - [WATCHER]: Processing file changes in outputs
[NX v22.2.1 Daemon Server] - 2026-02-05T19:16:21.744Z - [WATCHER]: Processing file changes in outputs
[NX v22.2.1 Daemon Server] - 2026-02-05T19:16:22.103Z - [WATCHER]: Processing file changes in outputs
[NX v22.2.1 Daemon Server] - 2026-02-05T19:16:35.709Z - [WATCHER]: Processing file changes in outputs
[NX v22.2.1 Daemon Server] - 2026-02-05T19:17:13.014Z - [WATCHER]: Processing file changes in outputs
[NX v22.2.1 Daemon Server] - 2026-02-05T19:17:13.045Z - [WATCHER]: Processing file changes in outputs
[NX v22.2.1 Daemon Server] - 2026-02-05T19:17:13.101Z - [WATCHER]: Processing file changes in outputs
[NX v22.2.1 Daemon Server] - 2026-02-05T19:17:13.186Z - [WATCHER]: Processing file changes in outputs
[NX v22.2.1 Daemon Server] - 2026-02-05T19:17:13.241Z - [WATCHER]: Processing file changes in outputs
[NX v22.2.1 Daemon Server] - 2026-02-05T19:17:13.313Z - [WATCHER]: Processing file changes in outputs
[NX v22.2.1 Daemon Server] - 2026-02-05T19:17:13.373Z - [WATCHER]: Processing file changes in outputs
[NX v22.2.1 Daemon Server] - 2026-02-05T19:17:13.424Z - [WATCHER]: Processing file changes in outputs
[NX v22.2.1 Daemon Server] - 2026-02-05T19:17:13.476Z - [WATCHER]: Processing file changes in outputs
[NX v22.2.1 Daemon Server] - 2026-02-05T19:17:13.532Z - [WATCHER]: Processing file changes in outputs
[NX v22.2.1 Daemon Server] - 2026-02-05T19:17:13.597Z - [WATCHER]: Processing file changes in outputs
[NX v22.2.1 Daemon Server] - 2026-02-05T19:17:13.645Z - [WATCHER]: Processing file changes in outputs
[NX v22.2.1 Daemon Server] - 2026-02-05T19:17:13.715Z - [WATCHER]: Processing file changes in outputs
[NX v22.2.1 Daemon Server] - 2026-02-05T19:17:13.821Z - [WATCHER]: Processing file changes in outputs
[NX v22.2.1 Daemon Server] - 2026-02-05T19:17:13.874Z - [WATCHER]: Processing file changes in outputs
[NX v22.2.1 Daemon Server] - 2026-02-05T19:17:13.925Z - [WATCHER]: Processing file changes in outputs
[NX v22.2.1 Daemon Server] - 2026-02-05T19:17:13.991Z - [WATCHER]: Processing file changes in outputs
[NX v22.2.1 Daemon Server] - 2026-02-05T19:17:14.055Z - [WATCHER]: Processing file changes in outputs
[NX v22.2.1 Daemon Server] - 2026-02-05T19:17:14.109Z - [WATCHER]: Processing file changes in outputs
[NX v22.2.1 Daemon Server] - 2026-02-05T19:17:14.170Z - [WATCHER]: Processing file changes in outputs
[NX v22.2.1 Daemon Server] - 2026-02-05T19:17:14.221Z - [WATCHER]: Processing file changes in outputs
[NX v22.2.1 Daemon Server] - 2026-02-05T19:17:14.277Z - [WATCHER]: Processing file changes in outputs
[NX v22.2.1 Daemon Server] - 2026-02-05T19:17:14.329Z - [WATCHER]: Processing file changes in outputs
[NX v22.2.1 Daemon Server] - 2026-02-05T19:17:14.383Z - [WATCHER]: Processing file changes in outputs
[NX v22.2.1 Daemon Server] - 2026-02-05T19:17:14.438Z - [WATCHER]: Processing file changes in outputs
[NX v22.2.1 Daemon Server] - 2026-02-05T19:17:14.598Z - [WATCHER]: Processing file changes in outputs
[NX v22.2.1 Daemon Server] - 2026-02-05T19:17:14.651Z - [WATCHER]: Processing file changes in outputs
[NX v22.2.1 Daemon Server] - 2026-02-05T19:17:14.708Z - [WATCHER]: Processing file changes in outputs
[NX v22.2.1 Daemon Server] - 2026-02-05T19:17:14.796Z - [WATCHER]: Processing file changes in outputs
[NX v22.2.1 Daemon Server] - 2026-02-05T19:17:14.851Z - [WATCHER]: Processing file changes in outputs
[NX v22.2.1 Daemon Server] - 2026-02-05T19:17:14.904Z - [WATCHER]: Processing file changes in outputs
[NX v22.2.1 Daemon Server] - 2026-02-05T19:17:14.956Z - [WATCHER]: Processing file changes in outputs
[NX v22.2.1 Daemon Server] - 2026-02-05T19:17:15.010Z - [WATCHER]: Processing file changes in outputs
[NX v22.2.1 Daemon Server] - 2026-02-05T19:17:15.075Z - [WATCHER]: Processing file changes in outputs
[NX v22.2.1 Daemon Server] - 2026-02-05T19:17:15.137Z - [WATCHER]: Processing file changes in outputs
[NX v22.2.1 Daemon Server] - 2026-02-05T19:17:15.189Z - [WATCHER]: Processing file changes in outputs
[NX v22.2.1 Daemon Server] - 2026-02-05T19:17:15.242Z - [WATCHER]: Processing file changes in outputs
[NX v22.2.1 Daemon Server] - 2026-02-05T19:17:15.294Z - [WATCHER]: Processing file changes in outputs
[NX v22.2.1 Daemon Server] - 2026-02-05T19:17:15.350Z - [WATCHER]: Processing file changes in outputs
[NX v22.2.1 Daemon Server] - 2026-02-05T19:17:15.427Z - [WATCHER]: Processing file changes in outputs
[NX v22.2.1 Daemon Server] - 2026-02-05T19:17:15.625Z - [WATCHER]: Processing file changes in outputs
[NX v22.2.1 Daemon Server] - 2026-02-05T19:17:15.677Z - [WATCHER]: Processing file changes in outputs
[NX v22.2.1 Daemon Server] - 2026-02-05T19:17:15.727Z - [WATCHER]: Processing file changes in outputs
[NX v22.2.1 Daemon Server] - 2026-02-05T19:17:15.779Z - [WATCHER]: Processing file changes in outputs
[NX v22.2.1 Daemon Server] - 2026-02-05T19:17:15.835Z - [WATCHER]: Processing file changes in outputs
[NX v22.2.1 Daemon Server] - 2026-02-05T19:17:15.942Z - [WATCHER]: Processing file changes in outputs
[NX v22.2.1 Daemon Server] - 2026-02-05T19:17:16.019Z - [WATCHER]: Processing file changes in outputs
[NX v22.2.1 Daemon Server] - 2026-02-05T19:17:16.120Z - [WATCHER]: Processing file changes in outputs
[NX v22.2.1 Daemon Server] - 2026-02-05T19:17:16.179Z - [WATCHER]: Processing file changes in outputs
[NX v22.2.1 Daemon Server] - 2026-02-05T19:17:16.231Z - [WATCHER]: Processing file changes in outputs
[NX v22.2.1 Daemon Server] - 2026-02-05T19:17:16.295Z - [WATCHER]: Processing file changes in outputs
[NX v22.2.1 Daemon Server] - 2026-02-05T19:17:16.417Z - [WATCHER]: Processing file changes in outputs
[NX v22.2.1 Daemon Server] - 2026-02-05T19:17:16.478Z - [WATCHER]: Processing file changes in outputs
[NX v22.2.1 Daemon Server] - 2026-02-05T19:17:16.534Z - [WATCHER]: Processing file changes in outputs
[NX v22.2.1 Daemon Server] - 2026-02-05T19:17:16.607Z - [WATCHER]: Processing file changes in outputs
[NX v22.2.1 Daemon Server] - 2026-02-05T19:17:16.662Z - [WATCHER]: Processing file changes in outputs
[NX v22.2.1 Daemon Server] - 2026-02-05T19:17:16.714Z - [WATCHER]: Processing file changes in outputs
[NX v22.2.1 Daemon Server] - 2026-02-05T19:17:16.767Z - [WATCHER]: Processing file changes in outputs
[NX v22.2.1 Daemon Server] - 2026-02-05T19:17:16.818Z - [WATCHER]: Processing file changes in outputs
[NX v22.2.1 Daemon Server] - 2026-02-05T19:17:16.877Z - [WATCHER]: Processing file changes in outputs
[NX v22.2.1 Daemon Server] - 2026-02-05T19:17:16.930Z - [WATCHER]: Processing file changes in outputs
[NX v22.2.1 Daemon Server] - 2026-02-05T19:17:16.984Z - [WATCHER]: Processing file changes in outputs
[NX v22.2.1 Daemon Server] - 2026-02-05T19:17:17.051Z - [WATCHER]: Processing file changes in outputs
[NX v22.2.1 Daemon Server] - 2026-02-05T19:17:17.105Z - [WATCHER]: Processing file changes in outputs
[NX v22.2.1 Daemon Server] - 2026-02-05T19:17:17.157Z - [WATCHER]: Processing file changes in outputs
[NX v22.2.1 Daemon Server] - 2026-02-05T19:17:17.210Z - [WATCHER]: Processing file changes in outputs
[NX v22.2.1 Daemon Server] - 2026-02-05T19:17:17.265Z - [WATCHER]: Processing file changes in outputs
[NX v22.2.1 Daemon Server] - 2026-02-05T19:17:17.336Z - [WATCHER]: Processing file changes in outputs
[NX v22.2.1 Daemon Server] - 2026-02-05T19:17:17.426Z - [WATCHER]: Processing file changes in outputs
[NX v22.2.1 Daemon Server] - 2026-02-05T19:17:17.490Z - [WATCHER]: Processing file changes in outputs
[NX v22.2.1 Daemon Server] - 2026-02-05T19:17:17.559Z - [WATCHER]: Processing file changes in outputs
[NX v22.2.1 Daemon Server] - 2026-02-05T19:17:17.628Z - [WATCHER]: Processing file changes in outputs
[NX v22.2.1 Daemon Server] - 2026-02-05T19:17:17.681Z - [WATCHER]: Processing file changes in outputs
[NX v22.2.1 Daemon Server] - 2026-02-05T19:17:17.737Z - [WATCHER]: Processing file changes in outputs
[NX v22.2.1 Daemon Server] - 2026-02-05T19:17:17.807Z - [WATCHER]: Processing file changes in outputs
[NX v22.2.1 Daemon Server] - 2026-02-05T19:17:17.888Z - [WATCHER]: Processing file changes in outputs
[NX v22.2.1 Daemon Server] - 2026-02-05T19:17:17.934Z - [WATCHER]: Processing file changes in outputs
[NX v22.2.1 Daemon Server] - 2026-02-05T19:17:17.986Z - [WATCHER]: Processing file changes in outputs
[NX v22.2.1 Daemon Server] - 2026-02-05T19:17:18.043Z - [WATCHER]: Processing file changes in outputs
[NX v22.2.1 Daemon Server] - 2026-02-05T19:17:18.097Z - [WATCHER]: Processing file changes in outputs
[NX v22.2.1 Daemon Server] - 2026-02-05T19:17:18.155Z - [WATCHER]: Processing file changes in outputs
[NX v22.2.1 Daemon Server] - 2026-02-05T19:17:18.207Z - [WATCHER]: Processing file changes in outputs
[NX v22.2.1 Daemon Server] - 2026-02-05T19:17:18.265Z - [WATCHER]: Processing file changes in outputs
[NX v22.2.1 Daemon Server] - 2026-02-05T19:17:18.318Z - [WATCHER]: Processing file changes in outputs
[NX v22.2.1 Daemon Server] - 2026-02-05T19:17:18.385Z - [WATCHER]: Processing file changes in outputs
[NX v22.2.1 Daemon Server] - 2026-02-05T19:17:18.429Z - [WATCHER]: Processing file changes in outputs
[NX v22.2.1 Daemon Server] - 2026-02-05T19:17:20.249Z - [WATCHER]: Processing file changes in outputs
[NX v22.2.1 Daemon Server] - 2026-02-05T19:17:20.356Z - [WATCHER]: Processing file changes in outputs
[NX v22.2.1 Daemon Server] - 2026-02-05T19:17:24.679Z - [WATCHER]: Processing file changes in outputs
[NX v22.2.1 Daemon Server] - 2026-02-05T19:17:34.556Z - [WATCHER]: Processing file changes in outputs
[NX v22.2.1 Daemon Server] - 2026-02-05T19:17:48.447Z - [WATCHER]: Processing file changes in outputs
[NX v22.2.1 Daemon Server] - 2026-02-05T19:17:51.048Z - [WATCHER]: Processing file changes in outputs
[NX v22.2.1 Daemon Server] - 2026-02-05T19:17:51.594Z - [WATCHER]: Processing file changes in outputs
[NX v22.2.1 Daemon Server] - 2026-02-05T19:17:52.082Z - [WATCHER]: Processing file changes in outputs
[NX v22.2.1 Daemon Server] - 2026-02-05T19:17:52.186Z - [WATCHER]: Processing file changes in outputs
[NX v22.2.1 Daemon Server] - 2026-02-05T19:17:53.979Z - [WATCHER]: Processing file changes in outputs
[NX v22.2.1 Daemon Server] - 2026-02-05T19:17:54.029Z - [WATCHER]: Processing file changes in outputs
[NX v22.2.1 Daemon Server] - 2026-02-05T19:17:54.563Z - [WATCHER]: Processing file changes in outputs
[NX v22.2.1 Daemon Server] - 2026-02-05T19:17:54.952Z - Received raw message of length 248
[NX v22.2.1 Daemon Server] - 2026-02-05T19:17:54.952Z - Received json message of type RECORD_OUTPUTS_HASH
[NX v22.2.1 Daemon Server] - 2026-02-05T19:17:54.964Z - Serializing response for RECORD_OUTPUTS_HASH message in json mode
[NX v22.2.1 Daemon Server] - 2026-02-05T19:17:54.965Z - Responding to RECORD_OUTPUTS_HASH message
[NX v22.2.1 Daemon Server] - 2026-02-05T19:17:54.965Z - [REQUEST]: Responding to the client. recordOutputsHash
[NX v22.2.1 Daemon Server] - 2026-02-05T19:17:54.968Z - Done responding to the client recordOutputsHash
[NX v22.2.1 Daemon Server] - 2026-02-05T19:17:54.968Z - Handled json message RECORD_OUTPUTS_HASH. Handling time: 12. Response time: 4.
[NX v22.2.1 Daemon Server] - 2026-02-05T19:17:54.979Z - Received raw message of length 528
[NX v22.2.1 Daemon Server] - 2026-02-05T19:17:54.981Z - Received json message of type RECORD_TASK_RUNS
[NX v22.2.1 Daemon Server] - 2026-02-05T19:17:55.008Z - Serializing response for RECORD_TASK_RUNS message in json mode
[NX v22.2.1 Daemon Server] - 2026-02-05T19:17:55.008Z - Responding to RECORD_TASK_RUNS message
[NX v22.2.1 Daemon Server] - 2026-02-05T19:17:55.008Z - [REQUEST]: Responding to the client. handleRecordTaskRuns
[NX v22.2.1 Daemon Server] - 2026-02-05T19:17:55.008Z - Done responding to the client handleRecordTaskRuns
[NX v22.2.1 Daemon Server] - 2026-02-05T19:17:55.008Z - Handled json message RECORD_TASK_RUNS. Handling time: 27. Response time: 0.
[NX v22.2.1 Daemon Server] - 2026-02-05T19:17:55.088Z - Received raw message of length 104
[NX v22.2.1 Daemon Server] - 2026-02-05T19:17:55.088Z - Received json message of type GET_FLAKY_TASKS
[NX v22.2.1 Daemon Server] - 2026-02-05T19:17:55.090Z - Serializing response for GET_FLAKY_TASKS message in json mode
[NX v22.2.1 Daemon Server] - 2026-02-05T19:17:55.090Z - Responding to GET_FLAKY_TASKS message
[NX v22.2.1 Daemon Server] - 2026-02-05T19:17:55.091Z - [REQUEST]: Responding to the client. handleGetFlakyTasks
[NX v22.2.1 Daemon Server] - 2026-02-05T19:17:55.091Z - Done responding to the client handleGetFlakyTasks
[NX v22.2.1 Daemon Server] - 2026-02-05T19:17:55.091Z - Handled json message GET_FLAKY_TASKS. Handling time: 2. Response time: 1.
[NX v22.2.1 Daemon Server] - 2026-02-05T19:17:55.133Z - Received raw message of length 156921
[NX v22.2.1 Daemon Server] - 2026-02-05T19:17:55.136Z - Received json message of type POST_TASKS_EXECUTION
[NX v22.2.1 Daemon Server] - 2026-02-05T19:17:55.136Z - Serializing response for POST_TASKS_EXECUTION message in json mode
[NX v22.2.1 Daemon Server] - 2026-02-05T19:17:55.136Z - Responding to POST_TASKS_EXECUTION message
[NX v22.2.1 Daemon Server] - 2026-02-05T19:17:55.136Z - [REQUEST]: Responding to the client. handleRunPostTasksExecution
[NX v22.2.1 Daemon Server] - 2026-02-05T19:17:55.136Z - Done responding to the client handleRunPostTasksExecution
[NX v22.2.1 Daemon Server] - 2026-02-05T19:17:55.136Z - Handled json message POST_TASKS_EXECUTION. Handling time: 0. Response time: 0.
[NX v22.2.1 Daemon Server] - 2026-02-05T19:17:55.136Z - Time taken for 'postTasksExecution' 0.3337500000052387ms
[NX v22.2.1 Daemon Server] - 2026-02-05T19:17:55.148Z - Closed a connection. Number of open connections: 0
[NX v22.2.1 Daemon Server] - 2026-02-05T19:19:29.383Z - [WATCHER]: packages/code-du-travail-frontend/package.json was modified
[NX v22.2.1 Daemon Server] - 2026-02-05T19:19:29.385Z - [WATCHER]: Processing file changes in outputs
[NX v22.2.1 Daemon Server] - 2026-02-05T19:19:29.592Z - [REQUEST]: Updated workspace context based on watched changes, recomputing project graph...
[NX v22.2.1 Daemon Server] - 2026-02-05T19:19:29.592Z - [REQUEST]: packages/code-du-travail-frontend/package.json
[NX v22.2.1 Daemon Server] - 2026-02-05T19:19:29.592Z - [REQUEST]: 
[NX v22.2.1 Daemon Server] - 2026-02-05T19:19:29.668Z - [SYNC]: collect registered sync generators
[NX v22.2.1 Daemon Server] - 2026-02-05T19:19:29.668Z - [SYNC]: project graph hash is the same, not collecting task sync generators
[NX v22.2.1 Daemon Server] - 2026-02-05T19:19:29.669Z - [SYNC]: nx.json hash is the same, not collecting global sync generators
[NX v22.2.1 Daemon Server] - 2026-02-05T19:19:29.669Z - Time taken for 'hash changed files from watcher' 5.254000000015367ms
[NX v22.2.1 Daemon Server] - 2026-02-05T19:19:30.063Z - [WATCHER]: packages/code-du-travail-frontend/package.json was modified
[NX v22.2.1 Daemon Server] - 2026-02-05T19:19:30.063Z - [WATCHER]: Processing file changes in outputs
[NX v22.2.1 Daemon Server] - 2026-02-05T19:19:30.470Z - [REQUEST]: Updated workspace context based on watched changes, recomputing project graph...
[NX v22.2.1 Daemon Server] - 2026-02-05T19:19:30.470Z - [REQUEST]: packages/code-du-travail-frontend/package.json
[NX v22.2.1 Daemon Server] - 2026-02-05T19:19:30.470Z - [REQUEST]: 
[NX v22.2.1 Daemon Server] - 2026-02-05T19:19:30.496Z - [SYNC]: collect registered sync generators
[NX v22.2.1 Daemon Server] - 2026-02-05T19:19:30.497Z - [SYNC]: project graph hash is the same, not collecting task sync generators
[NX v22.2.1 Daemon Server] - 2026-02-05T19:19:30.497Z - [SYNC]: nx.json hash is the same, not collecting global sync generators
[NX v22.2.1 Daemon Server] - 2026-02-05T19:19:30.497Z - Time taken for 'hash changed files from watcher' 4.288375000003725ms
[NX v22.2.1 Daemon Server] - 2026-02-05T19:19:35.838Z - [WATCHER]: packages/code-du-travail-frontend/package.json was modified
[NX v22.2.1 Daemon Server] - 2026-02-05T19:19:35.839Z - [WATCHER]: Processing file changes in outputs
[NX v22.2.1 Daemon Server] - 2026-02-05T19:19:36.646Z - [REQUEST]: Updated workspace context based on watched changes, recomputing project graph...
[NX v22.2.1 Daemon Server] - 2026-02-05T19:19:36.646Z - [REQUEST]: packages/code-du-travail-frontend/package.json
[NX v22.2.1 Daemon Server] - 2026-02-05T19:19:36.646Z - [REQUEST]: 
[NX v22.2.1 Daemon Server] - 2026-02-05T19:19:36.717Z - [SYNC]: collect registered sync generators
[NX v22.2.1 Daemon Server] - 2026-02-05T19:19:36.717Z - [SYNC]: project graph hash is the same, not collecting task sync generators
[NX v22.2.1 Daemon Server] - 2026-02-05T19:19:36.717Z - [SYNC]: nx.json hash is the same, not collecting global sync generators
[NX v22.2.1 Daemon Server] - 2026-02-05T19:19:36.718Z - Time taken for 'hash changed files from watcher' 4.877124999999069ms
[NX v22.2.1 Daemon Server] - 2026-02-05T19:19:39.360Z - [WATCHER]: Processing file changes in outputs
[NX v22.2.1 Daemon Server] - 2026-02-05T19:19:39.362Z - [WATCHER]: _tmp_47788_7726901b0fb49e19a251016a9e5d851a was deleted
[NX v22.2.1 Daemon Server] - 2026-02-05T19:19:40.967Z - [REQUEST]: Updated workspace context based on watched changes, recomputing project graph...
[NX v22.2.1 Daemon Server] - 2026-02-05T19:19:40.967Z - [REQUEST]: 
[NX v22.2.1 Daemon Server] - 2026-02-05T19:19:40.967Z - [REQUEST]: _tmp_47788_7726901b0fb49e19a251016a9e5d851a
[NX v22.2.1 Daemon Server] - 2026-02-05T19:19:41.021Z - [SYNC]: collect registered sync generators
[NX v22.2.1 Daemon Server] - 2026-02-05T19:19:41.022Z - [SYNC]: project graph hash is the same, not collecting task sync generators
[NX v22.2.1 Daemon Server] - 2026-02-05T19:19:41.022Z - [SYNC]: nx.json hash is the same, not collecting global sync generators
[NX v22.2.1 Daemon Server] - 2026-02-05T19:19:41.023Z - Time taken for 'hash changed files from watcher' 4.396292000019457ms
[NX v22.2.1 Daemon Server] - 2026-02-05T19:19:42.113Z - [WATCHER]: Processing file changes in outputs
[NX v22.2.1 Daemon Server] - 2026-02-05T19:19:42.113Z - [WATCHER]: Stopping the watcher for /Users/max/Documents/Code/code-du-travail-numerique (sources)
[NX v22.2.1 Daemon Server] - 2026-02-05T19:19:42.113Z - [WATCHER]: Stopping the watcher for /Users/max/Documents/Code/code-du-travail-numerique (outputs)
[NX v22.2.1 Daemon Server] - 2026-02-05T19:19:42.116Z - [NX-CONSOLE]: Cleaning up latest Nx installation from /private/var/folders/jp/m1_k9k0s2tlb02c9wtkh4tq00000gn/T/tmp-45580-A8iQK3ic4iA4
[NX v22.2.1 Daemon Server] - 2026-02-05T19:19:42.116Z - Server stopped because: "LOCK_FILES_CHANGED"
